<?xml version="1.0" encoding="UTF-8"?>
<testsuite xmlns:xsi="http://www.w3.org/2001/XMLSchema-instance" xsi:noNamespaceSchemaLocation="https://maven.apache.org/surefire/maven-surefire-plugin/xsd/surefire-test-report.xsd" name="com.sapient.test.AppTest" time="0.045" tests="1" errors="0" skipped="0" failures="0">
  <properties>
    <property name="sun.desktop" value="windows"/>
    <property name="awt.toolkit" value="sun.awt.windows.WToolkit"/>
    <property name="file.encoding.pkg" value="sun.io"/>
    <property name="java.specification.version" value="1.8"/>
    <property name="sun.cpu.isalist" value="amd64"/>
    <property name="sun.jnu.encoding" value="Cp1252"/>
    <property name="java.class.path" value="C:\Learning\Sapient\Repositories\new_maven_repo\day3\child2-endur\target\test-classes;C:\Learning\Sapient\Repositories\new_maven_repo\day3\child2-endur\target\classes;C:\Users\Vaibhav\.m2\repository\junit\junit\4.11\junit-4.11.jar;C:\Users\Vaibhav\.m2\repository\org\hamcrest\hamcrest-core\1.3\hamcrest-core-1.3.jar;C:\Learning\Sapient\Repositories\new_maven_repo\day3\child-endur\target\child-endur-1.0.jar;"/>
    <property name="java.vm.vendor" value="Oracle Corporation"/>
    <property name="sun.arch.data.model" value="64"/>
    <property name="user.variant" value=""/>
    <property name="java.vendor.url" value="http://java.oracle.com/"/>
    <property name="user.timezone" value="Asia/Calcutta"/>
    <property name="java.vm.specification.version" value="1.8"/>
    <property name="os.name" value="Windows 10"/>
    <property name="user.country" value="IN"/>
    <property name="sun.java.launcher" value="SUN_STANDARD"/>
    <property name="sun.boot.library.path" value="C:\Installs\Java\jdk8\jre\bin"/>
    <property name="sun.java.command" value="C:\Users\Vaibhav\AppData\Local\Temp\surefire758368837901218660\surefirebooter3636013689374250094.jar C:\Users\Vaibhav\AppData\Local\Temp\surefire758368837901218660 2021-04-28T12-23-24_363-jvmRun1 surefire7832402539339920719tmp surefire_13331743855473804223tmp"/>
    <property name="surefire.test.class.path" value="C:\Learning\Sapient\Repositories\new_maven_repo\day3\child2-endur\target\test-classes;C:\Learning\Sapient\Repositories\new_maven_repo\day3\child2-endur\target\classes;C:\Users\Vaibhav\.m2\repository\junit\junit\4.11\junit-4.11.jar;C:\Users\Vaibhav\.m2\repository\org\hamcrest\hamcrest-core\1.3\hamcrest-core-1.3.jar;C:\Learning\Sapient\Repositories\new_maven_repo\day3\child-endur\target\child-endur-1.0.jar;"/>
    <property name="sun.cpu.endian" value="little"/>
    <property name="user.home" value="C:\Users\Vaibhav"/>
    <property name="user.language" value="en"/>
    <property name="java.specification.vendor" value="Oracle Corporation"/>
    <property name="java.home" value="C:\Installs\Java\jdk8\jre"/>
    <property name="basedir" value="C:\Learning\Sapient\Repositories\new_maven_repo\day3\child2-endur"/>
    <property name="file.separator" value="\"/>
    <property name="line.separator" value="&#10;"/>
    <property name="java.vm.specification.vendor" value="Oracle Corporation"/>
    <property name="java.specification.name" value="Java Platform API Specification"/>
    <property name="java.awt.graphicsenv" value="sun.awt.Win32GraphicsEnvironment"/>
    <property name="surefire.real.class.path" value="C:\Users\Vaibhav\AppData\Local\Temp\surefire758368837901218660\surefirebooter3636013689374250094.jar"/>
    <property name="sun.boot.class.path" value="C:\Installs\Java\jdk8\jre\lib\resources.jar;C:\Installs\Java\jdk8\jre\lib\rt.jar;C:\Installs\Java\jdk8\jre\lib\sunrsasign.jar;C:\Installs\Java\jdk8\jre\lib\jsse.jar;C:\Installs\Java\jdk8\jre\lib\jce.jar;C:\Installs\Java\jdk8\jre\lib\charsets.jar;C:\Installs\Java\jdk8\jre\lib\jfr.jar;C:\Installs\Java\jdk8\jre\classes"/>
    <property name="user.script" value=""/>
    <property name="sun.management.compiler" value="HotSpot 64-Bit Tiered Compilers"/>
    <property name="java.runtime.version" value="1.8.0_251-b08"/>
    <property name="user.name" value="Vaibhav"/>
    <property name="path.separator" value=";"/>
    <property name="os.version" value="10.0"/>
    <property name="java.endorsed.dirs" value="C:\Installs\Java\jdk8\jre\lib\endorsed"/>
    <property name="java.runtime.name" value="Java(TM) SE Runtime Environment"/>
    <property name="file.encoding" value="Cp1252"/>
    <property name="java.vm.name" value="Java HotSpot(TM) 64-Bit Server VM"/>
    <property name="localRepository" value="C:\Users\Vaibhav\.m2\repository"/>
    <property name="java.vendor.url.bug" value="http://bugreport.sun.com/bugreport/"/>
    <property name="java.io.tmpdir" value="C:\Users\Vaibhav\AppData\Local\Temp\"/>
    <property name="java.version" value="1.8.0_251"/>
    <property name="user.dir" value="C:\Learning\Sapient\Repositories\new_maven_repo\day3\child2-endur"/>
    <property name="os.arch" value="amd64"/>
    <property name="java.vm.specification.name" value="Java Virtual Machine Specification"/>
    <property name="java.awt.printerjob" value="sun.awt.windows.WPrinterJob"/>
    <property name="sun.os.patch.level" value=""/>
    <property name="java.library.path" value="C:\Installs\Java\jdk8\jre\bin;C:\windows\Sun\Java\bin;C:\windows\system32;C:\windows;C:\Installs\Java\jdk8\bin;C:\Installs\Tools\apache-maven-3.8.1\bin;C:\windows\system32;C:\windows;C:\windows\System32\Wbem;C:\windows\System32\WindowsPowerShell\v1.0\;C:\windows\System32\OpenSSH\;C:\Program Files (x86)\NVIDIA Corporation\PhysX\Common;C:\Program Files\NVIDIA Corporation\NVIDIA NvDLISR;C:\Installs\Tools\nodejs\;C:\Installs\Languages\Go\bin;C:\Installs\Languages\Python\Scripts;C:\Program Files\Docker\Docker\resources\bin;C:\ProgramData\DockerDesktop\version-bin;C:\Installs\Tools\Git\cmd;;C:\Installs\Tools\IDEs\Microsoft VS Code\bin;."/>
    <property name="java.vm.info" value="mixed mode"/>
    <property name="java.vendor" value="Oracle Corporation"/>
    <property name="java.vm.version" value="25.251-b08"/>
    <property name="java.ext.dirs" value="C:\Installs\Java\jdk8\jre\lib\ext;C:\windows\Sun\Java\lib\ext"/>
    <property name="sun.io.unicode.encoding" value="UnicodeLittle"/>
    <property name="java.class.version" value="52.0"/>
  </properties>
  <testcase name="shouldAnswerWithTrue" classname="com.sapient.test.AppTest" time="0.001"/>
</testsuite>